0 info it worked if it ends with ok
1 verbose cli [ '/usr/local/bin/node', '/usr/local/bin/npm', 'start' ]
2 info using npm@1.4.23
3 info using node@v0.10.31
4 verbose run-script [ 'prestart', 'start', 'poststart' ]
5 info prestart frontend_stack@0.0.1
6 info start frontend_stack@0.0.1
7 verbose unsafe-perm in lifecycle true
8 info frontend_stack@0.0.1 Failed to exec start script
9 error frontend_stack@0.0.1 start: `gulp watch`
9 error Exit status 8
10 error Failed at the frontend_stack@0.0.1 start script.
10 error This is most likely a problem with the frontend_stack package,
10 error not with npm itself.
10 error Tell the author that this fails on your system:
10 error     gulp watch
10 error You can get their info via:
10 error     npm owner ls frontend_stack
10 error There is likely additional logging output above.
11 error System Darwin 14.0.0
12 error command "/usr/local/bin/node" "/usr/local/bin/npm" "start"
13 error cwd /Users/ccogell13/projects/cogell/frontend_stack
14 error node -v v0.10.31
15 error npm -v 1.4.23
16 error code ELIFECYCLE
17 verbose exit [ 1, true ]
